{"total": {"lines":{"total":190,"covered":71,"skipped":0,"pct":37.37},"statements":{"total":201,"covered":71,"skipped":0,"pct":35.32},"functions":{"total":82,"covered":19,"skipped":0,"pct":23.17},"branches":{"total":36,"covered":15,"skipped":0,"pct":41.67}}
,"/home/dh/projetos/sd-015-b-project-recipes-app/src/App.js": {"lines":{"total":1,"covered":1,"skipped":0,"pct":100},"functions":{"total":1,"covered":1,"skipped":0,"pct":100},"statements":{"total":1,"covered":1,"skipped":0,"pct":100},"branches":{"total":0,"covered":0,"skipped":0,"pct":100}}
,"/home/dh/projetos/sd-015-b-project-recipes-app/src/data.js": {"lines":{"total":1,"covered":1,"skipped":0,"pct":100},"functions":{"total":0,"covered":0,"skipped":0,"pct":100},"statements":{"total":1,"covered":1,"skipped":0,"pct":100},"branches":{"total":0,"covered":0,"skipped":0,"pct":100}}
,"/home/dh/projetos/sd-015-b-project-recipes-app/src/components/Footer.jsx": {"lines":{"total":2,"covered":2,"skipped":0,"pct":100},"functions":{"total":1,"covered":1,"skipped":0,"pct":100},"statements":{"total":2,"covered":2,"skipped":0,"pct":100},"branches":{"total":0,"covered":0,"skipped":0,"pct":100}}
,"/home/dh/projetos/sd-015-b-project-recipes-app/src/components/Header.jsx": {"lines":{"total":13,"covered":5,"skipped":0,"pct":38.46},"functions":{"total":8,"covered":1,"skipped":0,"pct":12.5},"statements":{"total":13,"covered":5,"skipped":0,"pct":38.46},"branches":{"total":2,"covered":1,"skipped":0,"pct":50}}
,"/home/dh/projetos/sd-015-b-project-recipes-app/src/context/RecipesAppContext.js": {"lines":{"total":1,"covered":1,"skipped":0,"pct":100},"functions":{"total":0,"covered":0,"skipped":0,"pct":100},"statements":{"total":1,"covered":1,"skipped":0,"pct":100},"branches":{"total":0,"covered":0,"skipped":0,"pct":100}}
,"/home/dh/projetos/sd-015-b-project-recipes-app/src/context/RecipesAppProvider.js": {"lines":{"total":32,"covered":25,"skipped":0,"pct":78.13},"functions":{"total":13,"covered":5,"skipped":0,"pct":38.46},"statements":{"total":38,"covered":25,"skipped":0,"pct":65.79},"branches":{"total":18,"covered":9,"skipped":0,"pct":50}}
,"/home/dh/projetos/sd-015-b-project-recipes-app/src/pages/Bebidas.jsx": {"lines":{"total":5,"covered":0,"skipped":0,"pct":0},"functions":{"total":3,"covered":0,"skipped":0,"pct":0},"statements":{"total":5,"covered":0,"skipped":0,"pct":0},"branches":{"total":2,"covered":0,"skipped":0,"pct":0}}
,"/home/dh/projetos/sd-015-b-project-recipes-app/src/pages/Comidas.jsx": {"lines":{"total":5,"covered":3,"skipped":0,"pct":60},"functions":{"total":3,"covered":1,"skipped":0,"pct":33.33},"statements":{"total":5,"covered":3,"skipped":0,"pct":60},"branches":{"total":2,"covered":1,"skipped":0,"pct":50}}
,"/home/dh/projetos/sd-015-b-project-recipes-app/src/pages/DetalhesBebidas.jsx": {"lines":{"total":4,"covered":0,"skipped":0,"pct":0},"functions":{"total":3,"covered":0,"skipped":0,"pct":0},"statements":{"total":4,"covered":0,"skipped":0,"pct":0},"branches":{"total":0,"covered":0,"skipped":0,"pct":100}}
,"/home/dh/projetos/sd-015-b-project-recipes-app/src/pages/DetalhesComidas.jsx": {"lines":{"total":4,"covered":0,"skipped":0,"pct":0},"functions":{"total":3,"covered":0,"skipped":0,"pct":0},"statements":{"total":4,"covered":0,"skipped":0,"pct":0},"branches":{"total":0,"covered":0,"skipped":0,"pct":100}}
,"/home/dh/projetos/sd-015-b-project-recipes-app/src/pages/Explorar.jsx": {"lines":{"total":4,"covered":0,"skipped":0,"pct":0},"functions":{"total":3,"covered":0,"skipped":0,"pct":0},"statements":{"total":4,"covered":0,"skipped":0,"pct":0},"branches":{"total":0,"covered":0,"skipped":0,"pct":100}}
,"/home/dh/projetos/sd-015-b-project-recipes-app/src/pages/ExplorarBebidas.jsx": {"lines":{"total":3,"covered":0,"skipped":0,"pct":0},"functions":{"total":2,"covered":0,"skipped":0,"pct":0},"statements":{"total":3,"covered":0,"skipped":0,"pct":0},"branches":{"total":0,"covered":0,"skipped":0,"pct":100}}
,"/home/dh/projetos/sd-015-b-project-recipes-app/src/pages/ExplorarBebidasIngredientes.jsx": {"lines":{"total":6,"covered":0,"skipped":0,"pct":0},"functions":{"total":5,"covered":0,"skipped":0,"pct":0},"statements":{"total":8,"covered":0,"skipped":0,"pct":0},"branches":{"total":0,"covered":0,"skipped":0,"pct":100}}
,"/home/dh/projetos/sd-015-b-project-recipes-app/src/pages/ExplorarComidas.jsx": {"lines":{"total":4,"covered":0,"skipped":0,"pct":0},"functions":{"total":3,"covered":0,"skipped":0,"pct":0},"statements":{"total":4,"covered":0,"skipped":0,"pct":0},"branches":{"total":0,"covered":0,"skipped":0,"pct":100}}
,"/home/dh/projetos/sd-015-b-project-recipes-app/src/pages/ExplorarComidasIngredientes.jsx": {"lines":{"total":9,"covered":0,"skipped":0,"pct":0},"functions":{"total":5,"covered":0,"skipped":0,"pct":0},"statements":{"total":10,"covered":0,"skipped":0,"pct":0},"branches":{"total":0,"covered":0,"skipped":0,"pct":100}}
,"/home/dh/projetos/sd-015-b-project-recipes-app/src/pages/ExplorarComidasOrigem.jsx": {"lines":{"total":9,"covered":0,"skipped":0,"pct":0},"functions":{"total":5,"covered":0,"skipped":0,"pct":0},"statements":{"total":9,"covered":0,"skipped":0,"pct":0},"branches":{"total":4,"covered":0,"skipped":0,"pct":0}}
,"/home/dh/projetos/sd-015-b-project-recipes-app/src/pages/Login.jsx": {"lines":{"total":19,"covered":19,"skipped":0,"pct":100},"functions":{"total":5,"covered":5,"skipped":0,"pct":100},"statements":{"total":19,"covered":19,"skipped":0,"pct":100},"branches":{"total":4,"covered":4,"skipped":0,"pct":100}}
,"/home/dh/projetos/sd-015-b-project-recipes-app/src/pages/NotFound.jsx": {"lines":{"total":1,"covered":0,"skipped":0,"pct":0},"functions":{"total":1,"covered":0,"skipped":0,"pct":0},"statements":{"total":1,"covered":0,"skipped":0,"pct":0},"branches":{"total":0,"covered":0,"skipped":0,"pct":100}}
,"/home/dh/projetos/sd-015-b-project-recipes-app/src/pages/Perfil.jsx": {"lines":{"total":7,"covered":0,"skipped":0,"pct":0},"functions":{"total":4,"covered":0,"skipped":0,"pct":0},"statements":{"total":7,"covered":0,"skipped":0,"pct":0},"branches":{"total":0,"covered":0,"skipped":0,"pct":100}}
,"/home/dh/projetos/sd-015-b-project-recipes-app/src/services/Functions.js": {"lines":{"total":9,"covered":0,"skipped":0,"pct":0},"functions":{"total":4,"covered":0,"skipped":0,"pct":0},"statements":{"total":11,"covered":0,"skipped":0,"pct":0},"branches":{"total":4,"covered":0,"skipped":0,"pct":0}}
,"/home/dh/projetos/sd-015-b-project-recipes-app/src/services/RequestDishes.js": {"lines":{"total":30,"covered":5,"skipped":0,"pct":16.67},"functions":{"total":6,"covered":2,"skipped":0,"pct":33.33},"statements":{"total":30,"covered":5,"skipped":0,"pct":16.67},"branches":{"total":0,"covered":0,"skipped":0,"pct":100}}
,"/home/dh/projetos/sd-015-b-project-recipes-app/src/services/RequestDrinks.js": {"lines":{"total":18,"covered":6,"skipped":0,"pct":33.33},"functions":{"total":3,"covered":2,"skipped":0,"pct":66.67},"statements":{"total":18,"covered":6,"skipped":0,"pct":33.33},"branches":{"total":0,"covered":0,"skipped":0,"pct":100}}
,"/home/dh/projetos/sd-015-b-project-recipes-app/src/tests/History.js": {"lines":{"total":3,"covered":3,"skipped":0,"pct":100},"functions":{"total":1,"covered":1,"skipped":0,"pct":100},"statements":{"total":3,"covered":3,"skipped":0,"pct":100},"branches":{"total":0,"covered":0,"skipped":0,"pct":100}}
}
